<?xml version="1.0" encoding="UTF-8"?>
<testsuite name="UnitTest" tests="20" skipped="0" failures="0" errors="0" timestamp="2017-11-19T23:41:27" hostname="Siyus-MacBook-Pro-3.local" time="0.017">
  <properties/>
  <testcase name="NORTH turn LEFT to WEST" classname="UnitTest" time="0.004"/>
  <testcase name="NORTH turn RIGHT to EAST" classname="UnitTest" time="0.0"/>
  <testcase name="SOUTH turn LEFT to EAST" classname="UnitTest" time="0.0"/>
  <testcase name="SOUTH turn RIGHT to WEST" classname="UnitTest" time="0.0"/>
  <testcase name="WEST turn LEFT to SOUTH" classname="UnitTest" time="0.0"/>
  <testcase name="WEST turn RIGHT to NORTH" classname="UnitTest" time="0.0"/>
  <testcase name="EAST turn LEFT to NORTH" classname="UnitTest" time="0.0"/>
  <testcase name="EAST turn RIGHT to SOUTH" classname="UnitTest" time="0.0"/>
  <testcase name="initialize Robot with (2,2,NORTH) is true" classname="UnitTest" time="0.0"/>
  <testcase name="initialize Robot with (4,0,SOUTH) is true" classname="UnitTest" time="0.0"/>
  <testcase name="initialize Robot with (-1,3,WEST) is false" classname="UnitTest" time="0.001"/>
  <testcase name="initialize Robot with (6,5,EAST) is false" classname="UnitTest" time="0.0"/>
  <testcase name="from (1, 1, NORTH) move one step to (1, 2, NORTH)" classname="UnitTest" time="0.004"/>
  <testcase name="from (2, 3, SOUTH) move one step to (2, 2, SOUTH)" classname="UnitTest" time="0.0"/>
  <testcase name="from (4, 4, WEST) move one step to (3, 4, WEST)" classname="UnitTest" time="0.0"/>
  <testcase name="from (3, 0, EAST) move one step to (4, 0, EAST)" classname="UnitTest" time="0.001"/>
  <testcase name="from (3, 0, SOUTH) move one step to (3, 0, SOUTH)" classname="UnitTest" time="0.0"/>
  <testcase name="from (3, 4, NORTH) move one step to (3, 4, NORTH)" classname="UnitTest" time="0.0"/>
  <testcase name="from (0, 4, WEST) move one step to (0, 4, WEST)" classname="UnitTest" time="0.0"/>
  <testcase name="from (4, 4, EAST) move one step to (4, 4, EAST)" classname="UnitTest" time="0.0"/>
  <system-out><![CDATA[]]></system-out>
  <system-err><![CDATA[]]></system-err>
</testsuite>
